This is pdfTeX, Version 3.14159265-2.6-1.40.16 (TeX Live 2015) (preloaded format=pdflatex 2015.5.24)  2 APR 2018 15:27
entering extended mode
 restricted \write18 enabled.
 %&-line parsing enabled.
**uwthesis.tex
(./uwthesis.tex
LaTeX2e <2015/01/01>
Babel <3.9l> and hyphenation patterns for 79 languages loaded.
(./uwthesis.cls
Document Class: uwthesis 2015/03/03
\tf@not=\write3
(/usr/local/texlive/2015/texmf-dist/tex/latex/base/book.cls
Document Class: book 2014/09/29 v1.4h Standard LaTeX document class
(/usr/local/texlive/2015/texmf-dist/tex/latex/base/bk12.clo
File: bk12.clo 2014/09/29 v1.4h Standard LaTeX file (size option)
)
\c@part=\count79
\c@chapter=\count80
\c@section=\count81
\c@subsection=\count82
\c@subsubsection=\count83
\c@paragraph=\count84
\c@subparagraph=\count85
\c@figure=\count86
\c@table=\count87
\abovecaptionskip=\skip41
\belowcaptionskip=\skip42
\bibindent=\dimen102
)
Formatting for ProQuest
\botmargin=\dimen103
\@@wholepage=\box26
\@Chair=\count88
\@Sign=\count89
\abs@savebox=\box27
)

LaTeX Warning: You have requested, on input line 43, version
               `2016/11/22' of document class uwthesis,
               but only version
               `2015/03/03'
               is available.

(/usr/local/texlive/2015/texmf-dist/tex/latex/base/alltt.sty
Package: alltt 1997/06/16 v2.0g defines alltt environment
)
No file uwthesis.aux.
\openout1 = `uwthesis.aux'.

LaTeX Font Info:    Checking defaults for OML/cmm/m/it on input line 77.
LaTeX Font Info:    ... okay on input line 77.
LaTeX Font Info:    Checking defaults for T1/cmr/m/n on input line 77.
LaTeX Font Info:    ... okay on input line 77.
LaTeX Font Info:    Checking defaults for OT1/cmr/m/n on input line 77.
LaTeX Font Info:    ... okay on input line 77.
LaTeX Font Info:    Checking defaults for OMS/cmsy/m/n on input line 77.
LaTeX Font Info:    ... okay on input line 77.
LaTeX Font Info:    Checking defaults for OMX/cmex/m/n on input line 77.
LaTeX Font Info:    ... okay on input line 77.
LaTeX Font Info:    Checking defaults for U/cmr/m/n on input line 77.
LaTeX Font Info:    ... okay on input line 77.
LaTeX Font Info:    Try loading font information for OMS+cmr on input line 101.

(/usr/local/texlive/2015/texmf-dist/tex/latex/base/omscmr.fd
File: omscmr.fd 2014/09/29 v2.5h Standard LaTeX font definitions
)
LaTeX Font Info:    Font shape `OMS/cmr/m/n' in size <12> not available
(Font)              Font shape `OMS/cmsy/m/n' tried instead on input line 101.
 [1

{/usr/local/texlive/2015/texmf-var/fonts/map/pdftex/updmap/pdftex.map}]
LaTeX Font Info:    External font `cmex10' loaded for size
(Font)              <17.28> on input line 103.
LaTeX Font Info:    External font `cmex10' loaded for size
(Font)              <12> on input line 103.
 [-1

]
LaTeX Font Info:    External font `cmex10' loaded for size
(Font)              <8> on input line 134.
LaTeX Font Info:    External font `cmex10' loaded for size
(Font)              <6> on input line 134.
LaTeX Font Info:    External font `cmex10' loaded for size
(Font)              <7> on input line 134.
LaTeX Font Info:    External font `cmex10' loaded for size
(Font)              <5> on input line 134.
 [0

]
No file uwthesis.toc.
\tf@toc=\write4
\openout4 = `uwthesis.toc'.

[1



]
No file uwthesis.lof.
\tf@lof=\write5
\openout5 = `uwthesis.lof'.

[2

] [3

] [4] [5

] [6

]
<<1>>

LaTeX Warning: Citation `Hamlet' on page 1 undefined on input line 233.

[1



] [2]
<<2>>

LaTeX Warning: Reference `start-2' on page 3 undefined on input line 315.


LaTeX Warning: Citation `Lbook' on page 3 undefined on input line 348.


LaTeX Warning: Citation `companion' on page 3 undefined on input line 350.

[3

]
Overfull \hbox (10.33536pt too wide) in paragraph at lines 353--355
[]\OT1/cmr/m/n/12 Although un-nec-es-sary for the-sis writ-ers, the \OT1/cmr/m/
sl/12 T[]Xbook \OT1/cmr/m/n/12 is the pri-mary ref-er-ence for T[]Xsperts
 []


LaTeX Warning: Citation `book' on page 4 undefined on input line 383.


LaTeX Warning: Citation `Lbook' on page 4 undefined on input line 383.


LaTeX Warning: Citation `companion' on page 4 undefined on input line 384.

[4]

LaTeX Warning: Citation `Metafont' on page 5 undefined on input line 403.

[5]
<<3>>

LaTeX Warning: Citation `Lbook' on page 6 undefined on input line 424.


LaTeX Warning: Reference `control-file' on page 6 undefined on input line 437.


LaTeX Warning: Citation `Lbook' on page 6 undefined on input line 510.


Overfull \hbox (6.13837pt too wide) in paragraph at lines 509--513
[]\OT1/cmr/m/n/12 Include most ad-di-tional for-mat-ting pack-ages with []\OT1/
cmtt/m/n/12 \usepackage\OT1/cmr/m/n/12 , as de-scribe by Lamport[[]].
 []

[6

] [7]

LaTeX Warning: Citation `Lbook' on page 8 undefined on input line 515.


LaTeX Warning: Reference `start-2' on page 8 undefined on input line 527.


LaTeX Warning: Citation `Lbook' on page 8 undefined on input line 539.


LaTeX Warning: Citation `Lbook' on page 8 undefined on input line 560.

[8]

LaTeX Warning: Reference `facing-caption' on page 9 undefined on input line 566
.


LaTeX Warning: Reference `facing-caption' on page 9 undefined on input line 585
.


LaTeX Warning: Reference `sideways' on page 9 undefined on input line 623.


LaTeX Warning: Citation `Lbook' on page 9 undefined on input line 643.

[9] [10] [11] [12]
Overfull \hbox (5.18024pt too wide) in paragraph at lines 769--769
 []\OT1/cmtt/m/n/12 \acknowledgments{The author wishes . . . {\it il miglior fa
bbro}.\par}}[] 
 []

[13]
<<4>>
LaTeX Font Info:    External font `cmex10' loaded for size
(Font)              <14.4> on input line 803.
No file uwthesis.bbl.
[14

]
<<A>>
[15

] [16

] (./uwthesis.aux)

LaTeX Warning: There were undefined references.


LaTeX Warning: Label(s) may have changed. Rerun to get cross-references right.

 ) 
Here is how much of TeX's memory you used:
 465 strings out of 493089
 5157 string characters out of 6134842
 60950 words of memory out of 5000000
 4006 multiletter control sequences out of 15000+600000
 12224 words of font info for 42 fonts, out of 8000000 for 9000
 1141 hyphenation exceptions out of 8191
 27i,9n,23p,230b,271s stack positions out of 5000i,500n,10000p,200000b,80000s
</usr/local/texlive/2015/texmf-dist/fonts/type1/public/amsfonts/cm/cmbx10.pfb
></usr/local/texlive/2015/texmf-dist/fonts/type1/public/amsfonts/cm/cmbx12.pfb>
</usr/local/texlive/2015/texmf-dist/fonts/type1/public/amsfonts/cm/cmbxsl10.pfb
></usr/local/texlive/2015/texmf-dist/fonts/type1/public/amsfonts/cm/cmex10.pfb>
</usr/local/texlive/2015/texmf-dist/fonts/type1/public/amsfonts/cm/cmitt10.pfb>
</usr/local/texlive/2015/texmf-dist/fonts/type1/public/amsfonts/cm/cmmi10.pfb><
/usr/local/texlive/2015/texmf-dist/fonts/type1/public/amsfonts/cm/cmmi12.pfb></
usr/local/texlive/2015/texmf-dist/fonts/type1/public/amsfonts/cm/cmmi7.pfb></us
r/local/texlive/2015/texmf-dist/fonts/type1/public/amsfonts/cm/cmr10.pfb></usr/
local/texlive/2015/texmf-dist/fonts/type1/public/amsfonts/cm/cmr12.pfb></usr/lo
cal/texlive/2015/texmf-dist/fonts/type1/public/amsfonts/cm/cmr17.pfb></usr/loca
l/texlive/2015/texmf-dist/fonts/type1/public/amsfonts/cm/cmr7.pfb></usr/local/t
exlive/2015/texmf-dist/fonts/type1/public/amsfonts/cm/cmr8.pfb></usr/local/texl
ive/2015/texmf-dist/fonts/type1/public/amsfonts/cm/cmsl12.pfb></usr/local/texli
ve/2015/texmf-dist/fonts/type1/public/amsfonts/cm/cmsl8.pfb></usr/local/texlive
/2015/texmf-dist/fonts/type1/public/amsfonts/cm/cmss12.pfb></usr/local/texlive/
2015/texmf-dist/fonts/type1/public/amsfonts/cm/cmsy10.pfb></usr/local/texlive/2
015/texmf-dist/fonts/type1/public/amsfonts/cm/cmsy7.pfb></usr/local/texlive/201
5/texmf-dist/fonts/type1/public/amsfonts/cm/cmti10.pfb></usr/local/texlive/2015
/texmf-dist/fonts/type1/public/amsfonts/cm/cmti12.pfb></usr/local/texlive/2015/
texmf-dist/fonts/type1/public/amsfonts/cm/cmti8.pfb></usr/local/texlive/2015/te
xmf-dist/fonts/type1/public/amsfonts/cm/cmtt12.pfb>
Output written on uwthesis.pdf (25 pages, 266486 bytes).
PDF statistics:
 174 PDF objects out of 1000 (max. 8388607)
 123 compressed objects within 2 object streams
 0 named destinations out of 1000 (max. 500000)
 1 words of extra memory for PDF output out of 10000 (max. 10000000)

